S_O_H
20011231LAB789789789PUH1234512345|789789789 PUH 789789789PUH|SMITH JANE L|20011231 0001|LAB|1234123412341234||||LAB||0001231231231|||RLTA||||||||||19200101|||||||||PUH||||||||||||||||||||F||||||||||||||||||
E_O_H

ACC: M1701701 20011231 00:29 0001231231231 RLTA 031465;PUH
BAT: O2SVP   20011231 00:01 1234123412341234
DAT: O2SVP   82,%,70-80,H,F

E_O_R


S_O_H
20011231LAB789789789PUH5432154321|789789789 PUH 789789789PUH|SMITH JANE L|20011231 0001|LAB|3456345634563456||||LAB||0001231231231|||RLTA||||||||||19200101|||||||||PUH||||||||||||||||||||F||||||||||||||||||
E_O_H

ACC: M1701701 20011231 00:29 0001231231231 RLTA 031465;PUH
BAT: GASVP   20011231 00:01 3456345634563456
DAT: PHVP    7.24,,7.32-7.43,L,F
DAT: PCO2VP  71,mm Hg,41-51,H HH,F
TXT: PCO2VP: Results called to and read back by NP HOMER SIMPSON 0039
DAT: PO2VP   46,mm Hg,30-50,,F
DAT: HCO3VP  30,mEq/L,19-25,H,F
DAT: BASEVP  2,mEq/L,0-2,,F
DAT: FIO2VP  UNK
TXT: FIO2VP: Unknown

S_O_H
20171022LAB564564564SHY1112223333|564564564 SHY 564564564SHY|BELCHER LINDA M|20171022 0524|LAB|2222333344445555||||LAB||0011122233333|||I3MT||||||||||19421208|||||||||SHY||||||||||||||||||||F||||||||||||||||||
E_O_H

ACC: X6868686 20171022 05:37 0011122233333 I3MT 005845;SHY
BAT: CMTP14  20171022 05:24 2222333344445555
DAT: GLU14   122,mg/dL,70-99,H,F
TXT: GLU14:  The reference range for FASTING glucose is 70 to 99.  The reference range for RANDOM glucose is 70 to 139.
DAT: BUN14   60,mg/dL,8-26,H,F
DAT: CREA14  0.9,mg/dL,0.5-1.4,,F
DAT: NA14    133,mmol/L,136-146,L,F
DAT: K14     3.6,mmol/L,3.5-5.0,,F
DAT: CL14    96,mmol/L,98-107,L,F
DAT: CO214   28.4,mmol/L,21-31,,F
DAT: CA14    9.5,mg/dL,8.4-10.2,,F
DAT: TP14    7.0,g/dL,6.3-7.7,,F
DAT: ALB14   3.3,g/dL,3.4-5.0,L,F
DAT: TBIL14  0.4,mg/dL,0.3-1.5,,F
DAT: ALKP14  58,IU/L,38-126,,F
DAT: AST14   20,IU/L,15-41,,F
DAT: ALT14   20,IU/L,14-54,,F
DAT: GFRE14  >60 ,mL/min/1.73**2,,,F
TXT: GFRE14: >60 GFRE<60mL/min/1.73m**2 indicates kidney disease. GFRE <15mL/min/1.73m**2 indicates kidney failure. Not applicable for individuals <18 and >70 years of age.
DAT: AGAP14  12,mEq/L,7-15,,F

E_O_R
